TN:
SF:app.js
FN:26,(anonymous_0)
FN:31,(anonymous_1)
FNF:2
FNH:0
FNDA:0,(anonymous_0)
FNDA:0,(anonymous_1)
DA:1,3
DA:2,3
DA:3,3
DA:5,3
DA:6,3
DA:7,3
DA:8,3
DA:10,3
DA:15,3
DA:18,3
DA:21,3
DA:22,3
DA:23,3
DA:26,3
DA:27,0
DA:31,3
DA:32,0
DA:33,0
DA:34,0
DA:36,0
DA:40,3
LF:21
LH:16
BRDA:33,0,0,0
BRDA:33,0,1,0
BRF:2
BRH:0
end_of_record
TN:
SF:controllers/authentication.js
FN:4,createToken
FNF:1
FNH:1
FNDA:3,createToken
DA:1,3
DA:2,3
DA:5,3
DA:6,3
DA:8,3
DA:9,3
DA:10,1
DA:11,1
DA:12,2
DA:13,1
DA:14,1
DA:16,1
DA:17,1
DA:21,3
DA:25,3
LF:15
LH:15
BRDA:9,0,0,1
BRDA:9,0,1,2
BRDA:12,1,0,1
BRDA:12,1,1,1
BRF:4
BRH:4
end_of_record
TN:
SF:controllers/posts.js
FN:4,getAllPosts
FN:10,createPost
FNF:2
FNH:1
FNDA:0,getAllPosts
FNDA:3,createPost
DA:1,3
DA:2,3
DA:5,0
DA:6,0
DA:7,0
DA:11,3
DA:12,3
DA:14,3
DA:15,3
DA:18,3
DA:23,3
LF:11
LH:8
BRF:0
BRH:0
end_of_record
TN:
SF:controllers/users.js
FN:3,create
FN:12,(anonymous_1)
FN:16,(anonymous_2)
FNF:3
FNH:3
FNDA:10,create
FNDA:2,(anonymous_1)
FNDA:8,(anonymous_2)
DA:1,3
DA:4,10
DA:5,10
DA:6,10
DA:7,10
DA:9,10
DA:10,10
DA:13,2
DA:14,2
DA:17,8
DA:18,8
DA:22,3
DA:26,3
LF:13
LH:13
BRF:0
BRH:0
end_of_record
TN:
SF:db/db.js
FN:3,connectToDatabase
FNF:1
FNH:1
FNDA:4,connectToDatabase
DA:1,4
DA:4,4
DA:6,4
DA:7,0
DA:10,0
DA:13,4
DA:15,4
DA:16,0
DA:20,4
LF:9
LH:6
BRDA:6,0,0,0
BRDA:6,0,1,4
BRDA:15,1,0,0
BRDA:15,1,1,4
BRF:4
BRH:2
end_of_record
TN:
SF:lib/token.js
FN:9,generateToken
FN:22,decodeToken
FNF:2
FNH:2
FNDA:6,generateToken
FNDA:2,decodeToken
DA:1,4
DA:2,4
DA:10,6
DA:23,2
DA:26,4
LF:5
LH:5
BRF:0
BRH:0
end_of_record
TN:
SF:middleware/tokenChecker.js
FN:4,tokenChecker
FN:12,(anonymous_1)
FNF:2
FNH:2
FNDA:6,tokenChecker
FNDA:6,(anonymous_1)
DA:1,3
DA:6,6
DA:8,6
DA:9,3
DA:12,6
DA:13,6
DA:14,3
DA:15,3
DA:18,3
DA:19,3
DA:24,3
LF:11
LH:11
BRDA:8,0,0,3
BRDA:8,0,1,3
BRDA:13,1,0,3
BRDA:13,1,1,3
BRF:4
BRH:4
end_of_record
TN:
SF:models/post.js
FNF:0
FNH:0
DA:1,3
DA:3,3
DA:52,3
DA:56,3
DA:57,3
DA:59,3
LF:6
LH:6
BRF:0
BRH:0
end_of_record
TN:
SF:models/user.js
FNF:0
FNH:0
DA:1,4
DA:3,4
DA:15,4
DA:17,4
LF:4
LH:4
BRF:0
BRH:0
end_of_record
TN:
SF:routes/authentication.js
FNF:0
FNH:0
DA:1,3
DA:2,3
DA:4,3
DA:6,3
DA:8,3
LF:5
LH:5
BRF:0
BRH:0
end_of_record
TN:
SF:routes/posts.js
FNF:0
FNH:0
DA:1,3
DA:2,3
DA:4,3
DA:6,3
DA:7,3
DA:9,3
LF:6
LH:6
BRF:0
BRH:0
end_of_record
TN:
SF:routes/users.js
FNF:0
FNH:0
DA:1,3
DA:3,3
DA:5,3
DA:7,3
DA:9,3
LF:5
LH:5
BRF:0
BRH:0
end_of_record
TN:
SF:tests/mongodb_helper.js
FN:4,(anonymous_0)
FN:8,(anonymous_1)
FNF:2
FNH:2
FNDA:4,(anonymous_0)
FNDA:4,(anonymous_1)
DA:1,4
DA:2,4
DA:4,4
DA:5,4
DA:8,4
DA:9,4
LF:6
LH:6
BRF:0
BRH:0
end_of_record
TN:
SF:tests/userDataForTest.js
FNF:0
FNH:0
DA:1,4
DA:12,4
LF:2
LH:2
BRF:0
BRH:0
end_of_record
